[debug] [2022-03-31T09:02:49.257Z] ----------------------------------------------------------------------
[debug] [2022-03-31T09:02:49.258Z] Command:       C:\Program Files\nodejs\node.exe C:\Users\davim\AppData\Roaming\npm\node_modules\firebase-tools\lib\bin\firebase.js init
[debug] [2022-03-31T09:02:49.259Z] CLI Version:   10.2.0
[debug] [2022-03-31T09:02:49.259Z] Platform:      win32
[debug] [2022-03-31T09:02:49.259Z] Node Version:  v16.13.2
[debug] [2022-03-31T09:02:49.260Z] Time:          Thu Mar 31 2022 11:02:49 GMT+0200 (South Africa Standard Time)
[debug] [2022-03-31T09:02:49.260Z] ----------------------------------------------------------------------
[debug] 
[debug] [2022-03-31T09:02:49.320Z] > command requires scopes: ["email","openid","https://www.googleapis.com/auth/cloudplatformprojects.readonly","https://www.googleapis.com/auth/firebase","https://www.googleapis.com/auth/cloud-platform"]
[debug] [2022-03-31T09:02:49.320Z] > authorizing via signed-in user (davimuneeb785@gmail.com)
[info] 
     ######## #### ########  ######## ########     ###     ######  ########
     ##        ##  ##     ## ##       ##     ##  ##   ##  ##       ##
     ######    ##  ########  ######   ########  #########  ######  ######
     ##        ##  ##    ##  ##       ##     ## ##     ##       ## ##
     ##       #### ##     ## ######## ########  ##     ##  ######  ########

You're about to initialize a Firebase project in this directory:

  C:\Users\davim\OneDrive\Desktop\Projects\PORFOLIO\FRONTEND

Before we get started, keep in mind:

  * You are initializing within an existing Firebase project directory

[info] 
=== Project Setup
[info] 
[info] First, let's associate this project directory with a Firebase project.
[info] You can create multiple project aliases by running firebase use --add, 
[info] but for now we'll just set up a default project.
[info] 
[debug] [2022-03-31T09:02:54.000Z] Using project from CLI flag: muneeb-davids
[debug] [2022-03-31T09:02:54.004Z] > refreshing access token with scopes: []
[debug] [2022-03-31T09:02:54.006Z] >>> HTTP REQUEST POST https://www.googleapis.com/oauth2/v3/token  
 <request body omitted>
[debug] [2022-03-31T09:02:55.488Z] <<< HTTP RESPONSE 200 {"expires":"Mon, 01 Jan 1990 00:00:00 GMT","cache-control":"no-cache, no-store, max-age=0, must-revalidate","date":"Thu, 31 Mar 2022 09:02:54 GMT","pragma":"no-cache","content-type":"application/json; charset=utf-8","vary":"X-Origin, Referer, Origin,Accept-Encoding","server":"scaffolding on HTTPServer2","x-xss-protection":"0","x-frame-options":"SAMEORIGIN","x-content-type-options":"nosniff","alt-svc":"h3=\":443\"; ma=2592000,h3-29=\":443\"; ma=2592000,h3-Q050=\":443\"; ma=2592000,h3-Q046=\":443\"; ma=2592000,h3-Q043=\":443\"; ma=2592000,quic=\":443\"; ma=2592000; v=\"46,43\"","accept-ranges":"none","transfer-encoding":"chunked"}
[debug] [2022-03-31T09:02:55.500Z] >>> [apiv2][query] GET https://firebase.googleapis.com/v1beta1/projects/muneeb-davids [none]
[debug] [2022-03-31T09:02:59.596Z] <<< [apiv2][status] GET https://firebase.googleapis.com/v1beta1/projects/muneeb-davids 200
[debug] [2022-03-31T09:02:59.596Z] <<< [apiv2][body] GET https://firebase.googleapis.com/v1beta1/projects/muneeb-davids {"projectId":"muneeb-davids","projectNumber":"889993914455","displayName":"MUNEEB-DAVIDS","name":"projects/muneeb-davids","resources":{"hostingSite":"muneeb-davids"},"state":"ACTIVE"}
[info] i  Using project muneeb-davids (MUNEEB-DAVIDS) 
[info] 
=== Hosting Setup
[info] 
[info] Your public directory is the folder (relative to your project directory) that
[info] will contain Hosting assets to be uploaded with firebase deploy. If you
[info] have a build process for your assets, use your build's output directory.
[info] 
